<?xml version="1.0" encoding="UTF-8"?>
<!-- Generated by org.testng.reporters.JUnitXMLReporter -->
<testsuite ignored="0" hostname="GK-PC" failures="1" tests="1" name="Validation Test" time="0.032" errors="0" timestamp="2021-04-10T14:32:19 IST">
  <testcase classname="testCases.TestCase2Assert" name="validateTitle" time="0.016">
    <failure type="java.lang.AssertionError" message="The following asserts failed:
	expected [Yahoo.com] but found [Google.com],
	TextBOx Not present expected [true] but found [false],
	Image Not present expected [false] but found [true]">
      <![CDATA[java.lang.AssertionError: The following asserts failed:
expected [Yahoo.com] but found [Google.com],
TextBOx Not present expected [true] but found [false],
Image Not present expected [false] but found [true]
at testCases.TestCase2Assert.validateTitle(TestCase2Assert.java:33)
at java.base/java.util.ArrayList.forEach(ArrayList.java:1511)
... Removed 30 stack frames]]>
    </failure>
  </testcase> <!-- validateTitle -->
</testsuite> <!-- Validation Test -->
